<?xml version="1.0" encoding="UTF-8"?>
<testsuite xmlns:xsi="http://www.w3.org/2001/XMLSchema-instance" xsi:noNamespaceSchemaLocation="https://maven.apache.org/surefire/maven-surefire-plugin/xsd/surefire-test-report-3.0.xsd" version="3.0" name="TestSuite" time="11.26" tests="2" errors="0" skipped="0" failures="0">
  <properties>
    <property name="gopherProxySet" value="false"/>
    <property name="awt.toolkit" value="sun.lwawt.macosx.LWCToolkit"/>
    <property name="java.specification.version" value="11"/>
    <property name="sun.cpu.isalist" value=""/>
    <property name="sun.jnu.encoding" value="UTF-8"/>
    <property name="java.class.path" value="/Users/shamsmehry/Desktop/Osprey/tek-osprey-retail-tdd-lab/target/test-classes:/Users/shamsmehry/Desktop/Osprey/tek-osprey-retail-tdd-lab/target/classes:/Users/shamsmehry/.m2/repository/org/testng/testng/7.9.0/testng-7.9.0.jar:/Users/shamsmehry/.m2/repository/org/slf4j/slf4j-api/1.7.36/slf4j-api-1.7.36.jar:/Users/shamsmehry/.m2/repository/com/beust/jcommander/1.82/jcommander-1.82.jar:/Users/shamsmehry/.m2/repository/org/webjars/jquery/3.7.1/jquery-3.7.1.jar:/Users/shamsmehry/.m2/repository/org/seleniumhq/selenium/selenium-java/4.18.1/selenium-java-4.18.1.jar:/Users/shamsmehry/.m2/repository/org/seleniumhq/selenium/selenium-api/4.18.1/selenium-api-4.18.1.jar:/Users/shamsmehry/.m2/repository/org/seleniumhq/selenium/selenium-chrome-driver/4.18.1/selenium-chrome-driver-4.18.1.jar:/Users/shamsmehry/.m2/repository/com/google/auto/service/auto-service-annotations/1.1.1/auto-service-annotations-1.1.1.jar:/Users/shamsmehry/.m2/repository/org/seleniumhq/selenium/selenium-chromium-driver/4.18.1/selenium-chromium-driver-4.18.1.jar:/Users/shamsmehry/.m2/repository/org/seleniumhq/selenium/selenium-json/4.18.1/selenium-json-4.18.1.jar:/Users/shamsmehry/.m2/repository/org/seleniumhq/selenium/selenium-manager/4.18.1/selenium-manager-4.18.1.jar:/Users/shamsmehry/.m2/repository/org/seleniumhq/selenium/selenium-devtools-v120/4.18.1/selenium-devtools-v120-4.18.1.jar:/Users/shamsmehry/.m2/repository/org/seleniumhq/selenium/selenium-devtools-v121/4.18.1/selenium-devtools-v121-4.18.1.jar:/Users/shamsmehry/.m2/repository/org/seleniumhq/selenium/selenium-devtools-v122/4.18.1/selenium-devtools-v122-4.18.1.jar:/Users/shamsmehry/.m2/repository/org/seleniumhq/selenium/selenium-devtools-v85/4.18.1/selenium-devtools-v85-4.18.1.jar:/Users/shamsmehry/.m2/repository/org/seleniumhq/selenium/selenium-edge-driver/4.18.1/selenium-edge-driver-4.18.1.jar:/Users/shamsmehry/.m2/repository/org/seleniumhq/selenium/selenium-firefox-driver/4.18.1/selenium-firefox-driver-4.18.1.jar:/Users/shamsmehry/.m2/repository/org/seleniumhq/selenium/selenium-http/4.18.1/selenium-http-4.18.1.jar:/Users/shamsmehry/.m2/repository/dev/failsafe/failsafe/3.3.2/failsafe-3.3.2.jar:/Users/shamsmehry/.m2/repository/org/seleniumhq/selenium/selenium-ie-driver/4.18.1/selenium-ie-driver-4.18.1.jar:/Users/shamsmehry/.m2/repository/org/seleniumhq/selenium/selenium-remote-driver/4.18.1/selenium-remote-driver-4.18.1.jar:/Users/shamsmehry/.m2/repository/com/google/guava/guava/33.0.0-jre/guava-33.0.0-jre.jar:/Users/shamsmehry/.m2/repository/com/google/guava/failureaccess/1.0.2/failureaccess-1.0.2.jar:/Users/shamsmehry/.m2/repository/com/google/guava/listenablefuture/9999.0-empty-to-avoid-conflict-with-guava/listenablefuture-9999.0-empty-to-avoid-conflict-with-guava.jar:/Users/shamsmehry/.m2/repository/com/google/code/findbugs/jsr305/3.0.2/jsr305-3.0.2.jar:/Users/shamsmehry/.m2/repository/org/checkerframework/checker-qual/3.41.0/checker-qual-3.41.0.jar:/Users/shamsmehry/.m2/repository/com/google/errorprone/error_prone_annotations/2.23.0/error_prone_annotations-2.23.0.jar:/Users/shamsmehry/.m2/repository/com/google/j2objc/j2objc-annotations/2.8/j2objc-annotations-2.8.jar:/Users/shamsmehry/.m2/repository/io/opentelemetry/semconv/opentelemetry-semconv/1.23.1-alpha/opentelemetry-semconv-1.23.1-alpha.jar:/Users/shamsmehry/.m2/repository/io/opentelemetry/opentelemetry-api/1.35.0/opentelemetry-api-1.35.0.jar:/Users/shamsmehry/.m2/repository/io/opentelemetry/opentelemetry-context/1.35.0/opentelemetry-context-1.35.0.jar:/Users/shamsmehry/.m2/repository/io/opentelemetry/opentelemetry-exporter-logging/1.35.0/opentelemetry-exporter-logging-1.35.0.jar:/Users/shamsmehry/.m2/repository/io/opentelemetry/opentelemetry-sdk-common/1.35.0/opentelemetry-sdk-common-1.35.0.jar:/Users/shamsmehry/.m2/repository/io/opentelemetry/opentelemetry-sdk-extension-autoconfigure-spi/1.35.0/opentelemetry-sdk-extension-autoconfigure-spi-1.35.0.jar:/Users/shamsmehry/.m2/repository/io/opentelemetry/opentelemetry-sdk-extension-autoconfigure/1.35.0/opentelemetry-sdk-extension-autoconfigure-1.35.0.jar:/Users/shamsmehry/.m2/repository/io/opentelemetry/opentelemetry-api-events/1.35.0-alpha/opentelemetry-api-events-1.35.0-alpha.jar:/Users/shamsmehry/.m2/repository/io/opentelemetry/opentelemetry-sdk-trace/1.35.0/opentelemetry-sdk-trace-1.35.0.jar:/Users/shamsmehry/.m2/repository/io/opentelemetry/opentelemetry-extension-incubator/1.35.0-alpha/opentelemetry-extension-incubator-1.35.0-alpha.jar:/Users/shamsmehry/.m2/repository/io/opentelemetry/opentelemetry-sdk/1.35.0/opentelemetry-sdk-1.35.0.jar:/Users/shamsmehry/.m2/repository/io/opentelemetry/opentelemetry-sdk-metrics/1.35.0/opentelemetry-sdk-metrics-1.35.0.jar:/Users/shamsmehry/.m2/repository/io/opentelemetry/opentelemetry-sdk-logs/1.35.0/opentelemetry-sdk-logs-1.35.0.jar:/Users/shamsmehry/.m2/repository/net/bytebuddy/byte-buddy/1.14.12/byte-buddy-1.14.12.jar:/Users/shamsmehry/.m2/repository/org/seleniumhq/selenium/selenium-os/4.18.1/selenium-os-4.18.1.jar:/Users/shamsmehry/.m2/repository/org/apache/commons/commons-exec/1.3/commons-exec-1.3.jar:/Users/shamsmehry/.m2/repository/org/seleniumhq/selenium/selenium-safari-driver/4.18.1/selenium-safari-driver-4.18.1.jar:/Users/shamsmehry/.m2/repository/org/seleniumhq/selenium/selenium-support/4.18.1/selenium-support-4.18.1.jar:/Users/shamsmehry/.m2/repository/org/apache/logging/log4j/log4j-slf4j-impl/2.22.0/log4j-slf4j-impl-2.22.0.jar:/Users/shamsmehry/.m2/repository/org/apache/logging/log4j/log4j-api/2.22.1/log4j-api-2.22.1.jar:/Users/shamsmehry/.m2/repository/org/apache/logging/log4j/log4j-core/2.22.1/log4j-core-2.22.1.jar:/Users/shamsmehry/.m2/repository/com/aventstack/extentreports-testng-adapter/1.2.2/extentreports-testng-adapter-1.2.2.jar:/Users/shamsmehry/.m2/repository/com/aventstack/extentreports/5.0.1/extentreports-5.0.1.jar:/Users/shamsmehry/.m2/repository/io/reactivex/rxjava3/rxjava/3.0.4/rxjava-3.0.4.jar:/Users/shamsmehry/.m2/repository/org/reactivestreams/reactive-streams/1.0.3/reactive-streams-1.0.3.jar:/Users/shamsmehry/.m2/repository/org/freemarker/freemarker/2.3.30/freemarker-2.3.30.jar:/Users/shamsmehry/.m2/repository/org/projectlombok/lombok/1.18.12/lombok-1.18.12.jar:/Users/shamsmehry/.m2/repository/com/google/code/gson/gson/2.8.6/gson-2.8.6.jar:/Users/shamsmehry/.m2/repository/com/aventstack/klov-reporter/5.0.1/klov-reporter-5.0.1.jar:/Users/shamsmehry/.m2/repository/org/mongodb/bson/3.3.0/bson-3.3.0.jar:/Users/shamsmehry/.m2/repository/org/apache/httpcomponents/httpclient/4.5.2/httpclient-4.5.2.jar:/Users/shamsmehry/.m2/repository/org/apache/httpcomponents/httpcore/4.4.4/httpcore-4.4.4.jar:/Users/shamsmehry/.m2/repository/commons-logging/commons-logging/1.2/commons-logging-1.2.jar:/Users/shamsmehry/.m2/repository/commons-codec/commons-codec/1.9/commons-codec-1.9.jar:/Users/shamsmehry/.m2/repository/org/apache/httpcomponents/httpmime/4.5.2/httpmime-4.5.2.jar:/Users/shamsmehry/.m2/repository/org/mongodb/mongodb-driver/3.3.0/mongodb-driver-3.3.0.jar:/Users/shamsmehry/.m2/repository/org/mongodb/mongodb-driver-core/3.3.0/mongodb-driver-core-3.3.0.jar:"/>
    <property name="java.vm.vendor" value="Oracle Corporation"/>
    <property name="sun.arch.data.model" value="64"/>
    <property name="java.vendor.url" value="https://openjdk.java.net/"/>
    <property name="user.timezone" value="America/New_York"/>
    <property name="java.vm.specification.version" value="11"/>
    <property name="os.name" value="Mac OS X"/>
    <property name="sun.java.launcher" value="SUN_STANDARD"/>
    <property name="user.country" value="US"/>
    <property name="sun.boot.library.path" value="/Library/Java/JavaVirtualMachines/jdk-11.0.16.1.jdk/Contents/Home/lib"/>
    <property name="sun.java.command" value="/Users/shamsmehry/Desktop/Osprey/tek-osprey-retail-tdd-lab/target/surefire/surefirebooter-20240404213225332_3.jar /Users/shamsmehry/Desktop/Osprey/tek-osprey-retail-tdd-lab/target/surefire 2024-04-04T21-32-25_180-jvmRun1 surefire-20240404213225332_1tmp surefire_0-20240404213225332_2tmp"/>
    <property name="http.nonProxyHosts" value="local|*.local|169.254/16|*.169.254/16"/>
    <property name="jdk.debug" value="release"/>
    <property name="surefire.test.class.path" value="/Users/shamsmehry/Desktop/Osprey/tek-osprey-retail-tdd-lab/target/test-classes:/Users/shamsmehry/Desktop/Osprey/tek-osprey-retail-tdd-lab/target/classes:/Users/shamsmehry/.m2/repository/org/testng/testng/7.9.0/testng-7.9.0.jar:/Users/shamsmehry/.m2/repository/org/slf4j/slf4j-api/1.7.36/slf4j-api-1.7.36.jar:/Users/shamsmehry/.m2/repository/com/beust/jcommander/1.82/jcommander-1.82.jar:/Users/shamsmehry/.m2/repository/org/webjars/jquery/3.7.1/jquery-3.7.1.jar:/Users/shamsmehry/.m2/repository/org/seleniumhq/selenium/selenium-java/4.18.1/selenium-java-4.18.1.jar:/Users/shamsmehry/.m2/repository/org/seleniumhq/selenium/selenium-api/4.18.1/selenium-api-4.18.1.jar:/Users/shamsmehry/.m2/repository/org/seleniumhq/selenium/selenium-chrome-driver/4.18.1/selenium-chrome-driver-4.18.1.jar:/Users/shamsmehry/.m2/repository/com/google/auto/service/auto-service-annotations/1.1.1/auto-service-annotations-1.1.1.jar:/Users/shamsmehry/.m2/repository/org/seleniumhq/selenium/selenium-chromium-driver/4.18.1/selenium-chromium-driver-4.18.1.jar:/Users/shamsmehry/.m2/repository/org/seleniumhq/selenium/selenium-json/4.18.1/selenium-json-4.18.1.jar:/Users/shamsmehry/.m2/repository/org/seleniumhq/selenium/selenium-manager/4.18.1/selenium-manager-4.18.1.jar:/Users/shamsmehry/.m2/repository/org/seleniumhq/selenium/selenium-devtools-v120/4.18.1/selenium-devtools-v120-4.18.1.jar:/Users/shamsmehry/.m2/repository/org/seleniumhq/selenium/selenium-devtools-v121/4.18.1/selenium-devtools-v121-4.18.1.jar:/Users/shamsmehry/.m2/repository/org/seleniumhq/selenium/selenium-devtools-v122/4.18.1/selenium-devtools-v122-4.18.1.jar:/Users/shamsmehry/.m2/repository/org/seleniumhq/selenium/selenium-devtools-v85/4.18.1/selenium-devtools-v85-4.18.1.jar:/Users/shamsmehry/.m2/repository/org/seleniumhq/selenium/selenium-edge-driver/4.18.1/selenium-edge-driver-4.18.1.jar:/Users/shamsmehry/.m2/repository/org/seleniumhq/selenium/selenium-firefox-driver/4.18.1/selenium-firefox-driver-4.18.1.jar:/Users/shamsmehry/.m2/repository/org/seleniumhq/selenium/selenium-http/4.18.1/selenium-http-4.18.1.jar:/Users/shamsmehry/.m2/repository/dev/failsafe/failsafe/3.3.2/failsafe-3.3.2.jar:/Users/shamsmehry/.m2/repository/org/seleniumhq/selenium/selenium-ie-driver/4.18.1/selenium-ie-driver-4.18.1.jar:/Users/shamsmehry/.m2/repository/org/seleniumhq/selenium/selenium-remote-driver/4.18.1/selenium-remote-driver-4.18.1.jar:/Users/shamsmehry/.m2/repository/com/google/guava/guava/33.0.0-jre/guava-33.0.0-jre.jar:/Users/shamsmehry/.m2/repository/com/google/guava/failureaccess/1.0.2/failureaccess-1.0.2.jar:/Users/shamsmehry/.m2/repository/com/google/guava/listenablefuture/9999.0-empty-to-avoid-conflict-with-guava/listenablefuture-9999.0-empty-to-avoid-conflict-with-guava.jar:/Users/shamsmehry/.m2/repository/com/google/code/findbugs/jsr305/3.0.2/jsr305-3.0.2.jar:/Users/shamsmehry/.m2/repository/org/checkerframework/checker-qual/3.41.0/checker-qual-3.41.0.jar:/Users/shamsmehry/.m2/repository/com/google/errorprone/error_prone_annotations/2.23.0/error_prone_annotations-2.23.0.jar:/Users/shamsmehry/.m2/repository/com/google/j2objc/j2objc-annotations/2.8/j2objc-annotations-2.8.jar:/Users/shamsmehry/.m2/repository/io/opentelemetry/semconv/opentelemetry-semconv/1.23.1-alpha/opentelemetry-semconv-1.23.1-alpha.jar:/Users/shamsmehry/.m2/repository/io/opentelemetry/opentelemetry-api/1.35.0/opentelemetry-api-1.35.0.jar:/Users/shamsmehry/.m2/repository/io/opentelemetry/opentelemetry-context/1.35.0/opentelemetry-context-1.35.0.jar:/Users/shamsmehry/.m2/repository/io/opentelemetry/opentelemetry-exporter-logging/1.35.0/opentelemetry-exporter-logging-1.35.0.jar:/Users/shamsmehry/.m2/repository/io/opentelemetry/opentelemetry-sdk-common/1.35.0/opentelemetry-sdk-common-1.35.0.jar:/Users/shamsmehry/.m2/repository/io/opentelemetry/opentelemetry-sdk-extension-autoconfigure-spi/1.35.0/opentelemetry-sdk-extension-autoconfigure-spi-1.35.0.jar:/Users/shamsmehry/.m2/repository/io/opentelemetry/opentelemetry-sdk-extension-autoconfigure/1.35.0/opentelemetry-sdk-extension-autoconfigure-1.35.0.jar:/Users/shamsmehry/.m2/repository/io/opentelemetry/opentelemetry-api-events/1.35.0-alpha/opentelemetry-api-events-1.35.0-alpha.jar:/Users/shamsmehry/.m2/repository/io/opentelemetry/opentelemetry-sdk-trace/1.35.0/opentelemetry-sdk-trace-1.35.0.jar:/Users/shamsmehry/.m2/repository/io/opentelemetry/opentelemetry-extension-incubator/1.35.0-alpha/opentelemetry-extension-incubator-1.35.0-alpha.jar:/Users/shamsmehry/.m2/repository/io/opentelemetry/opentelemetry-sdk/1.35.0/opentelemetry-sdk-1.35.0.jar:/Users/shamsmehry/.m2/repository/io/opentelemetry/opentelemetry-sdk-metrics/1.35.0/opentelemetry-sdk-metrics-1.35.0.jar:/Users/shamsmehry/.m2/repository/io/opentelemetry/opentelemetry-sdk-logs/1.35.0/opentelemetry-sdk-logs-1.35.0.jar:/Users/shamsmehry/.m2/repository/net/bytebuddy/byte-buddy/1.14.12/byte-buddy-1.14.12.jar:/Users/shamsmehry/.m2/repository/org/seleniumhq/selenium/selenium-os/4.18.1/selenium-os-4.18.1.jar:/Users/shamsmehry/.m2/repository/org/apache/commons/commons-exec/1.3/commons-exec-1.3.jar:/Users/shamsmehry/.m2/repository/org/seleniumhq/selenium/selenium-safari-driver/4.18.1/selenium-safari-driver-4.18.1.jar:/Users/shamsmehry/.m2/repository/org/seleniumhq/selenium/selenium-support/4.18.1/selenium-support-4.18.1.jar:/Users/shamsmehry/.m2/repository/org/apache/logging/log4j/log4j-slf4j-impl/2.22.0/log4j-slf4j-impl-2.22.0.jar:/Users/shamsmehry/.m2/repository/org/apache/logging/log4j/log4j-api/2.22.1/log4j-api-2.22.1.jar:/Users/shamsmehry/.m2/repository/org/apache/logging/log4j/log4j-core/2.22.1/log4j-core-2.22.1.jar:/Users/shamsmehry/.m2/repository/com/aventstack/extentreports-testng-adapter/1.2.2/extentreports-testng-adapter-1.2.2.jar:/Users/shamsmehry/.m2/repository/com/aventstack/extentreports/5.0.1/extentreports-5.0.1.jar:/Users/shamsmehry/.m2/repository/io/reactivex/rxjava3/rxjava/3.0.4/rxjava-3.0.4.jar:/Users/shamsmehry/.m2/repository/org/reactivestreams/reactive-streams/1.0.3/reactive-streams-1.0.3.jar:/Users/shamsmehry/.m2/repository/org/freemarker/freemarker/2.3.30/freemarker-2.3.30.jar:/Users/shamsmehry/.m2/repository/org/projectlombok/lombok/1.18.12/lombok-1.18.12.jar:/Users/shamsmehry/.m2/repository/com/google/code/gson/gson/2.8.6/gson-2.8.6.jar:/Users/shamsmehry/.m2/repository/com/aventstack/klov-reporter/5.0.1/klov-reporter-5.0.1.jar:/Users/shamsmehry/.m2/repository/org/mongodb/bson/3.3.0/bson-3.3.0.jar:/Users/shamsmehry/.m2/repository/org/apache/httpcomponents/httpclient/4.5.2/httpclient-4.5.2.jar:/Users/shamsmehry/.m2/repository/org/apache/httpcomponents/httpcore/4.4.4/httpcore-4.4.4.jar:/Users/shamsmehry/.m2/repository/commons-logging/commons-logging/1.2/commons-logging-1.2.jar:/Users/shamsmehry/.m2/repository/commons-codec/commons-codec/1.9/commons-codec-1.9.jar:/Users/shamsmehry/.m2/repository/org/apache/httpcomponents/httpmime/4.5.2/httpmime-4.5.2.jar:/Users/shamsmehry/.m2/repository/org/mongodb/mongodb-driver/3.3.0/mongodb-driver-3.3.0.jar:/Users/shamsmehry/.m2/repository/org/mongodb/mongodb-driver-core/3.3.0/mongodb-driver-core-3.3.0.jar:"/>
    <property name="sun.cpu.endian" value="little"/>
    <property name="user.home" value="/Users/shamsmehry"/>
    <property name="user.language" value="en"/>
    <property name="java.specification.vendor" value="Oracle Corporation"/>
    <property name="java.version.date" value="2022-08-18"/>
    <property name="java.home" value="/Library/Java/JavaVirtualMachines/jdk-11.0.16.1.jdk/Contents/Home"/>
    <property name="file.separator" value="/"/>
    <property name="basedir" value="/Users/shamsmehry/Desktop/Osprey/tek-osprey-retail-tdd-lab"/>
    <property name="java.vm.compressedOopsMode" value="Zero based"/>
    <property name="line.separator" value="&#10;"/>
    <property name="java.specification.name" value="Java Platform API Specification"/>
    <property name="java.vm.specification.vendor" value="Oracle Corporation"/>
    <property name="java.awt.graphicsenv" value="sun.awt.CGraphicsEnvironment"/>
    <property name="surefire.real.class.path" value="/Users/shamsmehry/Desktop/Osprey/tek-osprey-retail-tdd-lab/target/surefire/surefirebooter-20240404213225332_3.jar"/>
    <property name="sun.management.compiler" value="HotSpot 64-Bit Tiered Compilers"/>
    <property name="ftp.nonProxyHosts" value="local|*.local|169.254/16|*.169.254/16"/>
    <property name="java.runtime.version" value="11.0.16.1+1-LTS-1"/>
    <property name="user.name" value="shamsmehry"/>
    <property name="path.separator" value=":"/>
    <property name="os.version" value="13.6.6"/>
    <property name="java.runtime.name" value="Java(TM) SE Runtime Environment"/>
    <property name="file.encoding" value="UTF-8"/>
    <property name="java.vm.name" value="Java HotSpot(TM) 64-Bit Server VM"/>
    <property name="java.vendor.version" value="18.9"/>
    <property name="localRepository" value="/Users/shamsmehry/.m2/repository"/>
    <property name="java.vendor.url.bug" value="https://bugreport.java.com/bugreport/"/>
    <property name="java.io.tmpdir" value="/var/folders/fr/0khmnkxn1jqdj_8v3b7qbr480000gn/T/"/>
    <property name="idea.version" value="2023.2.5"/>
    <property name="java.version" value="11.0.16.1"/>
    <property name="user.dir" value="/Users/shamsmehry/Desktop/Osprey/tek-osprey-retail-tdd-lab"/>
    <property name="os.arch" value="x86_64"/>
    <property name="java.vm.specification.name" value="Java Virtual Machine Specification"/>
    <property name="java.awt.printerjob" value="sun.lwawt.macosx.CPrinterJob"/>
    <property name="sun.os.patch.level" value="unknown"/>
    <property name="java.library.path" value="/Users/shamsmehry/Library/Java/Extensions:/Library/Java/Extensions:/Network/Library/Java/Extensions:/System/Library/Java/Extensions:/usr/lib/java:."/>
    <property name="java.vendor" value="Oracle Corporation"/>
    <property name="java.vm.info" value="mixed mode"/>
    <property name="java.vm.version" value="11.0.16.1+1-LTS-1"/>
    <property name="sun.io.unicode.encoding" value="UnicodeBig"/>
    <property name="java.class.version" value="55.0"/>
    <property name="socksNonProxyHosts" value="local|*.local|169.254/16|*.169.254/16"/>
  </properties>
  <testcase name="runtTestSample" classname="tek.tdd.test.adhoc.ProfileUpdate" time="0.024">
    <system-out><![CDATA[21:32:27.295 [main] DEBUG org.testng.TestNG - suiteXmlPath: "/Users/shamsmehry/Desktop/Osprey/tek-osprey-retail-tdd-lab/src/test/resources/runner/runner.xml"
21:32:27.578 [main] INFO  tek.tdd.base.BaseSetup - Configuration File Path /Users/shamsmehry/Desktop/Osprey/tek-osprey-retail-tdd-lab/src/test/resources/config/application-config.properties
21:32:28.162 [main] DEBUG tek.tdd.base.BaseSetup - Retrieving Property for key ui.url
21:32:28.163 [main] DEBUG tek.tdd.base.BaseSetup - Property Value https://retail.tekschool-students.com/
21:32:28.163 [main] DEBUG tek.tdd.base.BaseSetup - Retrieving Property for key ui.browser
21:32:28.163 [main] DEBUG tek.tdd.base.BaseSetup - Property Value chrome
21:32:28.164 [main] DEBUG tek.tdd.base.BaseSetup - Retrieving Property for key ui.isHeadless
21:32:28.164 [main] DEBUG tek.tdd.base.BaseSetup - Property Value true
21:32:31.445 [main] INFO  tek.tdd.base.BaseSetup - Configuration File Path /Users/shamsmehry/Desktop/Osprey/tek-osprey-retail-tdd-lab/src/test/resources/config/application-config.properties
Running and empty Test
]]></system-out>
    <system-err><![CDATA[Apr 04, 2024 9:32:30 PM org.openqa.selenium.devtools.CdpVersionFinder findNearestMatch
WARNING: Unable to find an exact match for CDP version 123, returning the closest version; found: 122; Please update to a Selenium version that supports CDP version 123
]]></system-err>
  </testcase>
  <testcase name="updateProfileOfUser[ospreylab_session@tekschool.us, 12345@Tek, OsreyLabSession, 202-543-4563](1)" classname="tek.tdd.test.adhoc.ProfileUpdate" time="2.469">
    <system-out><![CDATA[21:32:31.577 [main] DEBUG tek.tdd.base.BaseSetup - Closing Browser
21:32:31.692 [main] DEBUG tek.tdd.base.BaseSetup - Retrieving Property for key ui.url
21:32:31.692 [main] DEBUG tek.tdd.base.BaseSetup - Property Value https://retail.tekschool-students.com/
21:32:31.692 [main] DEBUG tek.tdd.base.BaseSetup - Retrieving Property for key ui.browser
21:32:31.693 [main] DEBUG tek.tdd.base.BaseSetup - Property Value chrome
21:32:31.693 [main] DEBUG tek.tdd.base.BaseSetup - Retrieving Property for key ui.isHeadless
21:32:31.693 [main] DEBUG tek.tdd.base.BaseSetup - Property Value true
21:32:33.875 [main] INFO  tek.tdd.base.BaseSetup - Configuration File Path /Users/shamsmehry/Desktop/Osprey/tek-osprey-retail-tdd-lab/src/test/resources/config/application-config.properties
21:32:34.148 [main] INFO  tek.tdd.utilities.SeleniumUtilities - Clicking on Element [[ChromeDriver: chrome-headless-shell on mac (25c56e764f07b5b4ce8a102ba945d0f5)] -> id: signinLink]
21:32:34.531 [main] INFO  tek.tdd.utilities.SeleniumUtilities - Send Key to Element [[ChromeDriver: chrome-headless-shell on mac (25c56e764f07b5b4ce8a102ba945d0f5)] -> id: email] with Value ospreylab_session@tekschool.us
21:32:34.915 [main] INFO  tek.tdd.utilities.SeleniumUtilities - Send Key to Element [[ChromeDriver: chrome-headless-shell on mac (25c56e764f07b5b4ce8a102ba945d0f5)] -> id: password] with Value 12345@Tek
21:32:35.072 [main] INFO  tek.tdd.utilities.SeleniumUtilities - Clicking on Element [[ChromeDriver: chrome-headless-shell on mac (25c56e764f07b5b4ce8a102ba945d0f5)] -> id: loginBtn]
21:32:35.201 [main] INFO  tek.tdd.utilities.SeleniumUtilities - Checking Element is Displayed [[ChromeDriver: chrome-headless-shell on mac (25c56e764f07b5b4ce8a102ba945d0f5)] -> id: loginBtn]
21:32:35.470 [main] INFO  tek.tdd.utilities.SeleniumUtilities - Clicking on Element [[ChromeDriver: chrome-headless-shell on mac (25c56e764f07b5b4ce8a102ba945d0f5)] -> id: accountLink]
21:32:35.719 [main] INFO  tek.tdd.utilities.SeleniumUtilities - Clearing the input field and entering new value: OsreyLabSession
21:32:36.026 [main] INFO  tek.tdd.utilities.SeleniumUtilities - Clearing the input field and entering new value: 202-543-4563
21:32:36.279 [main] INFO  tek.tdd.utilities.SeleniumUtilities - Checking Element is Displayed [[ChromeDriver: chrome-headless-shell on mac (25c56e764f07b5b4ce8a102ba945d0f5)] -> id: personalUpdateBtn]
]]></system-out>
    <system-err><![CDATA[Apr 04, 2024 9:32:32 PM org.openqa.selenium.devtools.CdpVersionFinder findNearestMatch
WARNING: Unable to find an exact match for CDP version 123, returning the closest version; found: 122; Please update to a Selenium version that supports CDP version 123
]]></system-err>
  </testcase>
</testsuite>