<?xml version="1.0" encoding="UTF-8"?>
<!-- Generated by org.testng.reporters.JUnitReportReporter -->
<testsuite hostname="Shamss-MBP.lan" failures="0" tests="2" name="tek.tdd.test.adhoc.ProfileUpdate" time="8.256" errors="0" timestamp="2024-04-04T21:32:37 EDT" skipped="0">
  <testcase classname="tek.tdd.test.adhoc.ProfileUpdate" name="runtTestSample" time="3.483"/>
  <testcase classname="tek.tdd.test.adhoc.ProfileUpdate" name="updateProfileOfUser" time="4.773"/>
</testsuite> <!-- tek.tdd.test.adhoc.ProfileUpdate -->
